c:\users\takut\source\repos\gameengine\gameengine\x64\debug\vc143.pdb
c:\users\takut\source\repos\gameengine\gameengine\x64\debug\vc143.idb
c:\users\takut\source\repos\gameengine\gameengine\x64\debug\main.obj
c:\users\takut\source\repos\gameengine\gameengine\x64\debug\imgui_widgets.obj
c:\users\takut\source\repos\gameengine\gameengine\x64\debug\imgui_tables.obj
c:\users\takut\source\repos\gameengine\gameengine\x64\debug\imgui_impl_win32.obj
c:\users\takut\source\repos\gameengine\gameengine\x64\debug\imgui_impl_dx12.obj
c:\users\takut\source\repos\gameengine\gameengine\x64\debug\imgui_draw.obj
c:\users\takut\source\repos\gameengine\gameengine\x64\debug\imgui.obj
c:\users\takut\source\repos\gameengine\gameengine\x64\debug\imgui_demo.obj
c:\users\takut\source\repos\gameengine\gameengine\x64\debug\app.obj
c:\users\takut\source\repos\gameengine\x64\debug\gameengine.exe
c:\users\takut\source\repos\gameengine\x64\debug\gameengine.pdb
c:\users\takut\source\repos\gameengine\gameengine\x64\debug\gameengine.ilk
c:\users\takut\source\repos\gameengine\gameengine\x64\debug\gameengine.tlog\cl.command.1.tlog
c:\users\takut\source\repos\gameengine\gameengine\x64\debug\gameengine.tlog\cl.items.tlog
c:\users\takut\source\repos\gameengine\gameengine\x64\debug\gameengine.tlog\cl.read.1.tlog
c:\users\takut\source\repos\gameengine\gameengine\x64\debug\gameengine.tlog\cl.write.1.tlog
c:\users\takut\source\repos\gameengine\gameengine\x64\debug\gameengine.tlog\link.8768-cvtres.read.1.tlog
c:\users\takut\source\repos\gameengine\gameengine\x64\debug\gameengine.tlog\link.8768-cvtres.write.1.tlog
c:\users\takut\source\repos\gameengine\gameengine\x64\debug\gameengine.tlog\link.8768-rc.read.1.tlog
c:\users\takut\source\repos\gameengine\gameengine\x64\debug\gameengine.tlog\link.8768-rc.write.1.tlog
c:\users\takut\source\repos\gameengine\gameengine\x64\debug\gameengine.tlog\link.8768.read.1.tlog
c:\users\takut\source\repos\gameengine\gameengine\x64\debug\gameengine.tlog\link.8768.read.2.tlog
c:\users\takut\source\repos\gameengine\gameengine\x64\debug\gameengine.tlog\link.8768.read.3.tlog
c:\users\takut\source\repos\gameengine\gameengine\x64\debug\gameengine.tlog\link.8768.read.4.tlog
c:\users\takut\source\repos\gameengine\gameengine\x64\debug\gameengine.tlog\link.8768.write.1.tlog
c:\users\takut\source\repos\gameengine\gameengine\x64\debug\gameengine.tlog\link.command.1.tlog
c:\users\takut\source\repos\gameengine\gameengine\x64\debug\gameengine.tlog\link.read.1.tlog
c:\users\takut\source\repos\gameengine\gameengine\x64\debug\gameengine.tlog\link.secondary.1.tlog
c:\users\takut\source\repos\gameengine\gameengine\x64\debug\gameengine.tlog\link.write.1.tlog
